proguard/seeds.txt
com.tblin.openconn.OAuthActivity
com.tblin.openconn.OAuthActivity: OAuthActivity()
com.tblin.openconn.OpenPlatform: com.tblin.openconn.OpenPlatform[] values()
com.tblin.openconn.OpenPlatform: com.tblin.openconn.OpenPlatform valueOf(java.lang.String)
com.tblin.openconn.oauth.QZoneAuthReceiver
com.tencent.tauth.TAuthView
com.tencent.tauth.TAuthView: TAuthView()
com.tencent.tauth.TencentOpenRes
com.tencent.weibo.webview.OAuthV1AuthorizeWebView
com.tencent.weibo.webview.OAuthV2AuthorizeWebView
com.weibo.sdk.android.api.WeiboAPI$AUTHOR_FILTER: com.weibo.sdk.android.api.WeiboAPI$AUTHOR_FILTER[] values()
com.weibo.sdk.android.api.WeiboAPI$AUTHOR_FILTER: com.weibo.sdk.android.api.WeiboAPI$AUTHOR_FILTER valueOf(java.lang.String)
com.weibo.sdk.android.api.WeiboAPI$CAPITAL: com.weibo.sdk.android.api.WeiboAPI$CAPITAL[] values()
com.weibo.sdk.android.api.WeiboAPI$CAPITAL: com.weibo.sdk.android.api.WeiboAPI$CAPITAL valueOf(java.lang.String)
com.weibo.sdk.android.api.WeiboAPI$COMMENTS_TYPE: com.weibo.sdk.android.api.WeiboAPI$COMMENTS_TYPE[] values()
com.weibo.sdk.android.api.WeiboAPI$COMMENTS_TYPE: com.weibo.sdk.android.api.WeiboAPI$COMMENTS_TYPE valueOf(java.lang.String)
com.weibo.sdk.android.api.WeiboAPI$COUNT_TYPE: com.weibo.sdk.android.api.WeiboAPI$COUNT_TYPE[] values()
com.weibo.sdk.android.api.WeiboAPI$COUNT_TYPE: com.weibo.sdk.android.api.WeiboAPI$COUNT_TYPE valueOf(java.lang.String)
com.weibo.sdk.android.api.WeiboAPI$EMOTION_TYPE: com.weibo.sdk.android.api.WeiboAPI$EMOTION_TYPE[] values()
com.weibo.sdk.android.api.WeiboAPI$EMOTION_TYPE: com.weibo.sdk.android.api.WeiboAPI$EMOTION_TYPE valueOf(java.lang.String)
com.weibo.sdk.android.api.WeiboAPI$FEATURE: com.weibo.sdk.android.api.WeiboAPI$FEATURE[] values()
com.weibo.sdk.android.api.WeiboAPI$FEATURE: com.weibo.sdk.android.api.WeiboAPI$FEATURE valueOf(java.lang.String)
com.weibo.sdk.android.api.WeiboAPI$FRIEND_TYPE: com.weibo.sdk.android.api.WeiboAPI$FRIEND_TYPE[] values()
com.weibo.sdk.android.api.WeiboAPI$FRIEND_TYPE: com.weibo.sdk.android.api.WeiboAPI$FRIEND_TYPE valueOf(java.lang.String)
com.weibo.sdk.android.api.WeiboAPI$LANGUAGE: com.weibo.sdk.android.api.WeiboAPI$LANGUAGE[] values()
com.weibo.sdk.android.api.WeiboAPI$LANGUAGE: com.weibo.sdk.android.api.WeiboAPI$LANGUAGE valueOf(java.lang.String)
com.weibo.sdk.android.api.WeiboAPI$RANGE: com.weibo.sdk.android.api.WeiboAPI$RANGE[] values()
com.weibo.sdk.android.api.WeiboAPI$RANGE: com.weibo.sdk.android.api.WeiboAPI$RANGE valueOf(java.lang.String)
com.weibo.sdk.android.api.WeiboAPI$SCHOOL_TYPE: com.weibo.sdk.android.api.WeiboAPI$SCHOOL_TYPE[] values()
com.weibo.sdk.android.api.WeiboAPI$SCHOOL_TYPE: com.weibo.sdk.android.api.WeiboAPI$SCHOOL_TYPE valueOf(java.lang.String)
com.weibo.sdk.android.api.WeiboAPI$SORT: com.weibo.sdk.android.api.WeiboAPI$SORT[] values()
com.weibo.sdk.android.api.WeiboAPI$SORT: com.weibo.sdk.android.api.WeiboAPI$SORT valueOf(java.lang.String)
com.weibo.sdk.android.api.WeiboAPI$SORT2: com.weibo.sdk.android.api.WeiboAPI$SORT2[] values()
com.weibo.sdk.android.api.WeiboAPI$SORT2: com.weibo.sdk.android.api.WeiboAPI$SORT2 valueOf(java.lang.String)
com.weibo.sdk.android.api.WeiboAPI$SORT3: com.weibo.sdk.android.api.WeiboAPI$SORT3[] values()
com.weibo.sdk.android.api.WeiboAPI$SORT3: com.weibo.sdk.android.api.WeiboAPI$SORT3 valueOf(java.lang.String)
com.weibo.sdk.android.api.WeiboAPI$SRC_FILTER: com.weibo.sdk.android.api.WeiboAPI$SRC_FILTER[] values()
com.weibo.sdk.android.api.WeiboAPI$SRC_FILTER: com.weibo.sdk.android.api.WeiboAPI$SRC_FILTER valueOf(java.lang.String)
com.weibo.sdk.android.api.WeiboAPI$STATUSES_TYPE: com.weibo.sdk.android.api.WeiboAPI$STATUSES_TYPE[] values()
com.weibo.sdk.android.api.WeiboAPI$STATUSES_TYPE: com.weibo.sdk.android.api.WeiboAPI$STATUSES_TYPE valueOf(java.lang.String)
com.weibo.sdk.android.api.WeiboAPI$TYPE: com.weibo.sdk.android.api.WeiboAPI$TYPE[] values()
com.weibo.sdk.android.api.WeiboAPI$TYPE: com.weibo.sdk.android.api.WeiboAPI$TYPE valueOf(java.lang.String)