proguard/mapping.txt
com.weibo.sdk.android.Weibo$1 -> com.weibo.sdk.android.c:
    com.weibo.sdk.android.Weibo this$0 -> a
    com.weibo.sdk.android.WeiboAuthListener val$listener -> b
    void onComplete(android.os.Bundle) -> a
    void onError(com.weibo.sdk.android.WeiboDialogError) -> a
    void onWeiboException(com.weibo.sdk.android.WeiboException) -> a
    void onCancel() -> a
com.weibo.sdk.android.WeiboAuthListener -> com.weibo.sdk.android.d:
    void onComplete(android.os.Bundle) -> a
    void onWeiboException(com.weibo.sdk.android.WeiboException) -> a
    void onError(com.weibo.sdk.android.WeiboDialogError) -> a
    void onCancel() -> a
com.weibo.sdk.android.WeiboDialog -> com.weibo.sdk.android.e:
    android.widget.FrameLayout$LayoutParams FILL -> a
    java.lang.String mUrl -> b
    com.weibo.sdk.android.WeiboAuthListener mListener -> c
    android.app.ProgressDialog mSpinner -> d
    android.webkit.WebView mWebView -> e
    android.widget.RelativeLayout webViewContainer -> f
    android.widget.RelativeLayout mContent -> g
    int theme -> h
    int left_margin -> i
    int top_margin -> j
    int right_margin -> k
    int bottom_margin -> l
    void onCreate(android.os.Bundle) -> onCreate
    void onBack() -> a
    boolean parseDimens() -> b
    com.weibo.sdk.android.WeiboAuthListener access$0(com.weibo.sdk.android.WeiboDialog) -> a
    void access$1$4ff9aead(com.weibo.sdk.android.WeiboDialog,java.lang.String) -> a
    android.app.ProgressDialog access$2(com.weibo.sdk.android.WeiboDialog) -> b
    android.webkit.WebView access$3(com.weibo.sdk.android.WeiboDialog) -> c
com.weibo.sdk.android.WeiboDialog$1 -> com.weibo.sdk.android.f:
    com.weibo.sdk.android.WeiboDialog this$0 -> a
    boolean onKey(android.content.DialogInterface,int,android.view.KeyEvent) -> onKey
com.weibo.sdk.android.WeiboDialog$WeiboWebViewClient -> com.weibo.sdk.android.g:
    com.weibo.sdk.android.WeiboDialog this$0 -> a
    boolean shouldOverrideUrlLoading(android.webkit.WebView,java.lang.String) -> shouldOverrideUrlLoading
    void onReceivedError(android.webkit.WebView,int,java.lang.String,java.lang.String) -> onReceivedError
    void onPageStarted(android.webkit.WebView,java.lang.String,android.graphics.Bitmap) -> onPageStarted
    void onPageFinished(android.webkit.WebView,java.lang.String) -> onPageFinished
com.weibo.sdk.android.WeiboDialogError -> com.weibo.sdk.android.h:
    int mErrorCode -> a
    java.lang.String mFailingUrl -> b
com.weibo.sdk.android.WeiboException -> com.weibo.sdk.android.i:
    int statusCode -> a
com.weibo.sdk.android.WeiboParameters -> com.weibo.sdk.android.j:
    java.util.ArrayList mKeys -> a
    java.util.ArrayList mValues -> b
    void add(java.lang.String,java.lang.String) -> a
    java.lang.String getKey(int) -> a
    java.lang.String getValue(java.lang.String) -> a
    java.lang.String getValue(int) -> b
    int size() -> a
com.weibo.sdk.android.net.NetStateManager -> com.weibo.sdk.android.net.NetStateManager:
    android.content.Context mContext -> b
    com.weibo.sdk.android.net.NetStateManager$NetState CUR_NETSTATE -> a
    void access$0(android.content.Context) -> a
com.weibo.sdk.android.net.NetStateManager$NetState -> com.weibo.sdk.android.net.a:
    com.weibo.sdk.android.net.NetStateManager$NetState Mobile -> a
    com.weibo.sdk.android.net.NetStateManager$NetState WIFI -> b
    com.weibo.sdk.android.net.NetStateManager$NetState NOWAY -> c
    com.weibo.sdk.android.net.NetStateManager$NetState[] ENUM$VALUES -> d
    com.weibo.sdk.android.net.NetStateManager$NetState[] values() -> values
    com.weibo.sdk.android.net.NetStateManager$NetState valueOf(java.lang.String) -> valueOf
com.weibo.sdk.android.net.NetStateManager$NetStateReceive -> com.weibo.sdk.android.net.NetStateManager$NetStateReceive:
    void onReceive(android.content.Context,android.content.Intent) -> onReceive