proguard/usage.txt
com.example.openinteconnect.BuildConfig
com.example.openinteconnect.R
com.example.openinteconnect.R$attr
com.example.openinteconnect.R$dimen
com.example.openinteconnect.R$drawable
com.example.openinteconnect.R$id
com.example.openinteconnect.R$layout
com.example.openinteconnect.R$menu
com.example.openinteconnect.R$string
com.example.openinteconnect.R$style
...
com.tencent.tauth.http.AsyncHttpPostRunner
com.tencent.tauth.http.AsyncHttpPostRunner$1
com.tencent.tauth.http.BaseRequestListener:
    private static final java.lang.String TAG
com.tencent.tauth.http.ClientHttpRequest:
    private static final java.lang.String TAG
    24:24:public ClientHttpRequest()
    199:210:public static int getFileSizeAtURL(java.net.URL)
com.tencent.tauth.http.CommonException:
    private static final long serialVersionUID
    private java.lang.String mErrorType
    15:18:public CommonException(java.lang.String,java.lang.String,int)
    21:21:public int getErrorCode()
    25:25:public java.lang.String getErrorType()
com.tencent.tauth.http.ParseResoneJson:
    7:7:public ParseResoneJson()
com.tencent.tauth.http.RequestListenerImpl.AddAlbumListener
com.tencent.tauth.http.RequestListenerImpl.AddShareListener
com.tencent.tauth.http.RequestListenerImpl.AddTopicListener
com.tencent.tauth.http.RequestListenerImpl.AddWeiBoListener
com.tencent.tauth.http.RequestListenerImpl.ListAlbumListener
com.tencent.tauth.http.RequestListenerImpl.OpenIDListener:
    private static final java.lang.String TAG
com.tencent.tauth.http.RequestListenerImpl.UploadPicListener
com.tencent.tauth.http.RequestListenerImpl.UserInfoListener
com.tencent.tauth.http.RequestListenerImpl.UserProfileListener
com.tencent.tauth.http.ResponseData
com.tencent.tauth.http.TDebug:
    7:7:public TDebug()
    12:13:public static void setMode(boolean)
    22:25:public static void d(java.lang.String,java.lang.String)
    28:29:public static void msg(java.lang.String,android.content.Context)
com.tencent.weibo.api.BasicAPI
com.tencent.weibo.api.FriendsAPI
com.tencent.weibo.api.InfoAPI
com.tencent.weibo.api.PrivateAPI
com.tencent.weibo.api.RequestAPI
com.tencent.weibo.api.SearchAPI
com.tencent.weibo.api.StatusesAPI
com.tencent.weibo.api.TAPI
com.tencent.weibo.api.UserAPI
com.tencent.weibo.beans.OAuth:
    private static final long serialVersionUID
    32:38:public java.util.List getCommonParamsList()
    46:51:public java.lang.String generateSeqId()
    56:56:public java.lang.String getSeqId()
    61:62:public void setSeqId(java.lang.String)
    66:66:public java.lang.String getClientIP()
    71:72:public void setClientIP(java.lang.String)
    76:76:public java.lang.String getAppFrom()
    82:83:public void setAppFrom(java.lang.String)
    97:97:public java.lang.String getOpenkey()
    107:107:public java.lang.String getOauthVersion()
    113:114:public void setOauthVersion(java.lang.String)
    118:118:public java.lang.String getScope()
    123:124:public void setScope(java.lang.String)
    133:133:public int getStatus()
    148:148:public java.lang.String getMsg()
com.tencent.weibo.beans.RouteCfg
com.tencent.weibo.constants.APIConstants
com.tencent.weibo.constants.ErrorCodeConstants:
    8:8:public ErrorCodeConstants()
com.tencent.weibo.constants.MyErrorCodeHashMap:
    private static final long serialVersionUID
com.tencent.weibo.constants.OAuthConstants
com.tencent.weibo.exceptions.OAuthClientException
com.tencent.weibo.exceptions.QweibosdkException
com.tencent.weibo.oauthv1.Base64Encoder